2021-07-30T07:49:28+00:00 CRITICAL Maximum execution time of 120 seconds exceeded in D:\Software\Designing\htdocs\wp_test\wp-includes\wp-db.php on line 2056

2021-07-30T07:49:28+00:00 CRITICAL Maximum execution time of 120 seconds exceeded in D:\Software\Designing\htdocs\wp_test\wp-includes\wp-db.php on line 2056

2021-07-30T07:49:39+00:00 CRITICAL Maximum execution time of 120 seconds exceeded in D:\Software\Designing\htdocs\wp_test\wp-includes\wp-db.php on line 2056

2021-07-30T07:49:40+00:00 CRITICAL Maximum execution time of 120 seconds exceeded in D:\Software\Designing\htdocs\wp_test\wp-includes\wp-db.php on line 2056

2021-07-30T07:49:40+00:00 CRITICAL Maximum execution time of 120 seconds exceeded in D:\Software\Designing\htdocs\wp_test\wp-includes\wp-db.php on line 2056

2021-07-30T07:49:40+00:00 CRITICAL Maximum execution time of 120 seconds exceeded in D:\Software\Designing\htdocs\wp_test\wp-content\plugins\testimonial-slider-and-showcase\lib\init.php on line 119

2021-07-30T07:49:41+00:00 CRITICAL Maximum execution time of 120 seconds exceeded in D:\Software\Designing\htdocs\wp_test\wp-includes\wp-db.php on line 2056

2021-07-30T07:49:43+00:00 CRITICAL Maximum execution time of 120 seconds exceeded in D:\Software\Designing\htdocs\wp_test\wp-includes\wp-db.php on line 2056

2021-07-30T07:49:45+00:00 CRITICAL Maximum execution time of 120 seconds exceeded in D:\Software\Designing\htdocs\wp_test\wp-includes\wp-db.php on line 2056

2021-07-30T07:49:47+00:00 CRITICAL Maximum execution time of 120 seconds exceeded in D:\Software\Designing\htdocs\wp_test\wp-includes\wp-db.php on line 2056

2021-07-30T07:49:47+00:00 CRITICAL Maximum execution time of 120 seconds exceeded in D:\Software\Designing\htdocs\wp_test\wp-includes\wp-db.php on line 2056

2021-07-30T07:49:50+00:00 CRITICAL Maximum execution time of 120 seconds exceeded in D:\Software\Designing\htdocs\wp_test\wp-includes\formatting.php on line 5404

2021-07-30T07:49:50+00:00 CRITICAL Maximum execution time of 120 seconds exceeded in D:\Software\Designing\htdocs\wp_test\wp-includes\wp-db.php on line 2056

2021-07-30T07:49:51+00:00 CRITICAL Maximum execution time of 120 seconds exceeded in D:\Software\Designing\htdocs\wp_test\wp-includes\wp-db.php on line 2056

2021-07-30T07:49:52+00:00 CRITICAL Maximum execution time of 120 seconds exceeded in D:\Software\Designing\htdocs\wp_test\wp-includes\wp-db.php on line 2056

2021-07-30T07:49:53+00:00 CRITICAL Maximum execution time of 120 seconds exceeded in D:\Software\Designing\htdocs\wp_test\wp-includes\wp-db.php on line 2056

2021-07-30T07:49:54+00:00 CRITICAL Maximum execution time of 120 seconds exceeded in D:\Software\Designing\htdocs\wp_test\wp-content\plugins\woocommerce\packages\woocommerce-admin\src\Notes\LearnMoreAboutVariableProducts.php on line 47

2021-07-30T07:49:57+00:00 CRITICAL Maximum execution time of 120 seconds exceeded in D:\Software\Designing\htdocs\wp_test\wp-includes\wp-db.php on line 2056

2021-07-30T07:49:57+00:00 CRITICAL Maximum execution time of 120 seconds exceeded in D:\Software\Designing\htdocs\wp_test\wp-includes\wp-db.php on line 2056

2021-07-30T07:49:57+00:00 CRITICAL Maximum execution time of 120 seconds exceeded in D:\Software\Designing\htdocs\wp_test\wp-includes\wp-db.php on line 2056

2021-07-30T07:49:58+00:00 CRITICAL Maximum execution time of 120 seconds exceeded in D:\Software\Designing\htdocs\wp_test\wp-includes\wp-db.php on line 2056

2021-07-30T07:49:59+00:00 CRITICAL Maximum execution time of 120 seconds exceeded in D:\Software\Designing\htdocs\wp_test\wp-includes\wp-db.php on line 2056

2021-07-30T07:49:59+00:00 CRITICAL Maximum execution time of 120 seconds exceeded in D:\Software\Designing\htdocs\wp_test\wp-includes\wp-db.php on line 2056

2021-07-30T07:50:00+00:00 CRITICAL Maximum execution time of 120 seconds exceeded in D:\Software\Designing\htdocs\wp_test\wp-includes\wp-db.php on line 2056

2021-07-30T07:50:00+00:00 CRITICAL Maximum execution time of 120 seconds exceeded in D:\Software\Designing\htdocs\wp_test\wp-includes\wp-db.php on line 2056

2021-07-30T07:50:00+00:00 CRITICAL Maximum execution time of 120 seconds exceeded in D:\Software\Designing\htdocs\wp_test\wp-includes\wp-db.php on line 2056

2021-07-30T07:50:01+00:00 CRITICAL Maximum execution time of 120 seconds exceeded in D:\Software\Designing\htdocs\wp_test\wp-includes\wp-db.php on line 2056

2021-07-30T07:50:01+00:00 CRITICAL Maximum execution time of 120 seconds exceeded in D:\Software\Designing\htdocs\wp_test\wp-includes\wp-db.php on line 2056

2021-07-30T07:50:02+00:00 CRITICAL Maximum execution time of 120 seconds exceeded in D:\Software\Designing\htdocs\wp_test\wp-includes\wp-db.php on line 2056

2021-07-30T07:50:03+00:00 CRITICAL Maximum execution time of 120 seconds exceeded in D:\Software\Designing\htdocs\wp_test\wp-includes\wp-db.php on line 2056

2021-07-30T07:50:02+00:00 CRITICAL Maximum execution time of 120 seconds exceeded in D:\Software\Designing\htdocs\wp_test\wp-includes\wp-db.php on line 2056

2021-07-30T07:50:03+00:00 CRITICAL Maximum execution time of 120 seconds exceeded in D:\Software\Designing\htdocs\wp_test\wp-content\plugins\woocommerce\includes\admin\wc-meta-box-functions.php on line 10

2021-07-30T07:50:05+00:00 CRITICAL Maximum execution time of 120 seconds exceeded in D:\Software\Designing\htdocs\wp_test\wp-includes\wp-db.php on line 2056

2021-07-30T07:50:07+00:00 CRITICAL Maximum execution time of 120 seconds exceeded in D:\Software\Designing\htdocs\wp_test\wp-includes\widgets\class-wp-widget-recent-comments.php on line 219

2021-07-30T07:50:08+00:00 CRITICAL Maximum execution time of 120 seconds exceeded in D:\Software\Designing\htdocs\wp_test\wp-includes\wp-db.php on line 2056

2021-07-30T07:50:17+00:00 CRITICAL Maximum execution time of 120 seconds exceeded in D:\Software\Designing\htdocs\wp_test\wp-content\plugins\woocommerce\packages\woocommerce-blocks\src\Domain\Services\ExtendRestApi.php on line 291

2021-07-30T07:50:17+00:00 CRITICAL Maximum execution time of 120 seconds exceeded in D:\Software\Designing\htdocs\wp_test\wp-includes\wp-db.php on line 2056

2021-07-30T07:50:34+00:00 CRITICAL Maximum execution time of 120 seconds exceeded in D:\Software\Designing\htdocs\wp_test\wp-includes\wp-db.php on line 2056

2021-07-30T07:50:37+00:00 CRITICAL Maximum execution time of 120 seconds exceeded in D:\Software\Designing\htdocs\wp_test\wp-includes\wp-db.php on line 2056

2021-07-30T07:50:41+00:00 CRITICAL Maximum execution time of 120 seconds exceeded in D:\Software\Designing\htdocs\wp_test\wp-includes\wp-db.php on line 2056

2021-07-30T07:50:42+00:00 CRITICAL Maximum execution time of 120 seconds exceeded in D:\Software\Designing\htdocs\wp_test\wp-includes\wp-db.php on line 2056

2021-07-30T07:50:51+00:00 CRITICAL Maximum execution time of 120 seconds exceeded in D:\Software\Designing\htdocs\wp_test\wp-content\plugins\woocommerce\packages\woocommerce-blocks\src\Domain\Services\ExtendRestApi.php on line 291

2021-07-30T07:51:12+00:00 CRITICAL Maximum execution time of 120 seconds exceeded in D:\Software\Designing\htdocs\wp_test\wp-includes\wp-db.php on line 2056

2021-07-30T07:51:17+00:00 CRITICAL Maximum execution time of 120 seconds exceeded in D:\Software\Designing\htdocs\wp_test\wp-includes\wp-db.php on line 2056

2021-07-30T07:51:21+00:00 CRITICAL Maximum execution time of 120 seconds exceeded in D:\Software\Designing\htdocs\wp_test\wp-includes\wp-db.php on line 2056

2021-07-30T07:51:58+00:00 CRITICAL Maximum execution time of 120 seconds exceeded in D:\Software\Designing\htdocs\wp_test\wp-content\plugins\elementor\includes\autoloader.php on line 293

2021-07-30T07:51:58+00:00 CRITICAL Maximum execution time of 120 seconds exceeded in D:\Software\Designing\htdocs\wp_test\wp-content\plugins\elementor\includes\autoloader.php on line 293

2021-07-30T07:51:59+00:00 CRITICAL Maximum execution time of 120 seconds exceeded in D:\Software\Designing\htdocs\wp_test\wp-content\plugins\elementor\includes\autoloader.php on line 293

2021-07-30T07:51:59+00:00 CRITICAL Maximum execution time of 120 seconds exceeded in D:\Software\Designing\htdocs\wp_test\wp-content\plugins\elementor\includes\autoloader.php on line 293

2021-07-30T07:52:50+00:00 CRITICAL Maximum execution time of 120 seconds exceeded in D:\Software\Designing\htdocs\wp_test\wp-content\plugins\woocommerce\packages\woocommerce-blocks\src\BlockTypes\FeaturedProduct.php on line 200

2021-07-30T07:53:46+00:00 CRITICAL Maximum execution time of 120 seconds exceeded in D:\Software\Designing\htdocs\wp_test\wp-includes\wp-db.php on line 2056

2021-07-30T07:53:46+00:00 CRITICAL Maximum execution time of 120 seconds exceeded in D:\Software\Designing\htdocs\wp_test\wp-includes\wp-db.php on line 2056

2021-07-30T07:53:46+00:00 CRITICAL Maximum execution time of 120 seconds exceeded in D:\Software\Designing\htdocs\wp_test\wp-includes\wp-db.php on line 2056

2021-07-30T07:53:47+00:00 CRITICAL Maximum execution time of 120 seconds exceeded in D:\Software\Designing\htdocs\wp_test\wp-includes\wp-db.php on line 2056

2021-07-30T07:53:47+00:00 CRITICAL Maximum execution time of 120 seconds exceeded in D:\Software\Designing\htdocs\wp_test\wp-includes\wp-db.php on line 2056

2021-07-30T07:53:47+00:00 CRITICAL Maximum execution time of 120 seconds exceeded in D:\Software\Designing\htdocs\wp_test\wp-includes\wp-db.php on line 2056

2021-07-30T07:53:54+00:00 CRITICAL Maximum execution time of 120 seconds exceeded in D:\Software\Designing\htdocs\wp_test\wp-content\plugins\woocommerce\packages\woocommerce-admin\src\API\Reports\Products\DataStore.php on line 8

2021-07-30T07:53:54+00:00 CRITICAL Maximum execution time of 120 seconds exceeded in D:\Software\Designing\htdocs\wp_test\wp-includes\class-wp-object-cache.php on line 494

2021-07-30T07:53:55+00:00 CRITICAL Maximum execution time of 120 seconds exceeded in D:\Software\Designing\htdocs\wp_test\wp-content\themes\experon\functions.php on line 9

2021-07-30T07:54:08+00:00 CRITICAL Maximum execution time of 120 seconds exceeded in D:\Software\Designing\htdocs\wp_test\wp-includes\wp-db.php on line 2056

2021-07-30T07:54:11+00:00 CRITICAL Maximum execution time of 120 seconds exceeded in D:\Software\Designing\htdocs\wp_test\wp-includes\wp-db.php on line 2056

2021-07-30T07:56:23+00:00 CRITICAL Maximum execution time of 120 seconds exceeded in D:\Software\Designing\htdocs\wp_test\wp-admin\includes\class-custom-image-header.php on line 1603

2021-07-30T07:56:23+00:00 CRITICAL Maximum execution time of 120 seconds exceeded in D:\Software\Designing\htdocs\wp_test\wp-admin\includes\class-wp-privacy-data-export-requests-list-table.php on line 10

2021-07-30T07:56:23+00:00 CRITICAL Maximum execution time of 120 seconds exceeded in D:\Software\Designing\htdocs\wp_test\wp-admin\includes\class-custom-image-header.php on line 1603

2021-07-30T07:56:23+00:00 CRITICAL Maximum execution time of 120 seconds exceeded in D:\Software\Designing\htdocs\wp_test\wp-admin\includes\class-custom-image-header.php on line 1603

2021-07-30T07:56:23+00:00 CRITICAL Maximum execution time of 120 seconds exceeded in D:\Software\Designing\htdocs\wp_test\wp-admin\includes\class-custom-image-header.php on line 1603

2021-07-30T07:56:23+00:00 CRITICAL Maximum execution time of 120 seconds exceeded in D:\Software\Designing\htdocs\wp_test\wp-admin\includes\class-custom-image-header.php on line 1603

2021-07-30T07:56:24+00:00 CRITICAL Maximum execution time of 120 seconds exceeded in D:\Software\Designing\htdocs\wp_test\wp-admin\includes\class-custom-image-header.php on line 1603

2021-07-30T07:56:24+00:00 CRITICAL Maximum execution time of 120 seconds exceeded in D:\Software\Designing\htdocs\wp_test\wp-admin\includes\class-wp-privacy-data-export-requests-list-table.php on line 10

2021-07-30T07:56:25+00:00 CRITICAL Maximum execution time of 120 seconds exceeded in D:\Software\Designing\htdocs\wp_test\wp-admin\includes\class-custom-image-header.php on line 1603

2021-07-30T07:56:25+00:00 CRITICAL Maximum execution time of 120 seconds exceeded in D:\Software\Designing\htdocs\wp_test\wp-admin\includes\class-custom-image-header.php on line 1603

2021-07-30T07:56:25+00:00 CRITICAL Maximum execution time of 120 seconds exceeded in D:\Software\Designing\htdocs\wp_test\wp-admin\includes\class-wp-privacy-data-export-requests-list-table.php on line 10

2021-07-30T07:56:25+00:00 CRITICAL Maximum execution time of 120 seconds exceeded in D:\Software\Designing\htdocs\wp_test\wp-admin\includes\class-custom-image-header.php on line 1603

2021-07-30T07:56:27+00:00 CRITICAL Maximum execution time of 120 seconds exceeded in D:\Software\Designing\htdocs\wp_test\wp-content\plugins\learnpress\inc\class-lp-autoloader.php on line 104

2021-07-30T07:56:32+00:00 CRITICAL Maximum execution time of 120 seconds exceeded in D:\Software\Designing\htdocs\wp_test\wp-includes\functions.php on line 6333

2021-07-30T07:56:49+00:00 CRITICAL Maximum execution time of 120 seconds exceeded in D:\Software\Designing\htdocs\wp_test\wp-includes\wp-db.php on line 2056

2021-07-30T07:56:49+00:00 CRITICAL Maximum execution time of 120 seconds exceeded in D:\Software\Designing\htdocs\wp_test\wp-content\plugins\elementor\includes\settings\settings.php on line 380

2021-07-30T07:57:01+00:00 CRITICAL Maximum execution time of 120 seconds exceeded in D:\Software\Designing\htdocs\wp_test\wp-includes\wp-db.php on line 2056

2021-07-30T07:57:07+00:00 CRITICAL Maximum execution time of 120 seconds exceeded in D:\Software\Designing\htdocs\wp_test\wp-includes\wp-db.php on line 2056

2021-07-30T07:57:07+00:00 CRITICAL Maximum execution time of 120 seconds exceeded in D:\Software\Designing\htdocs\wp_test\wp-includes\wp-db.php on line 2056

2021-07-30T07:57:07+00:00 CRITICAL Maximum execution time of 120 seconds exceeded in D:\Software\Designing\htdocs\wp_test\wp-includes\wp-db.php on line 2056

2021-07-30T07:57:07+00:00 CRITICAL Maximum execution time of 120 seconds exceeded in D:\Software\Designing\htdocs\wp_test\wp-includes\wp-db.php on line 2056

2021-07-30T07:57:07+00:00 CRITICAL Maximum execution time of 120 seconds exceeded in D:\Software\Designing\htdocs\wp_test\wp-includes\wp-db.php on line 2056

2021-07-30T07:57:08+00:00 CRITICAL Maximum execution time of 120 seconds exceeded in D:\Software\Designing\htdocs\wp_test\wp-includes\wp-db.php on line 2056

2021-07-30T07:57:09+00:00 CRITICAL Maximum execution time of 120 seconds exceeded in D:\Software\Designing\htdocs\wp_test\wp-includes\wp-db.php on line 2056

2021-07-30T07:57:10+00:00 CRITICAL Maximum execution time of 120 seconds exceeded in D:\Software\Designing\htdocs\wp_test\wp-includes\wp-db.php on line 2056

2021-07-30T07:57:24+00:00 CRITICAL Maximum execution time of 120 seconds exceeded in D:\Software\Designing\htdocs\wp_test\wp-includes\wp-db.php on line 2056

2021-07-30T07:57:27+00:00 CRITICAL Maximum execution time of 120 seconds exceeded in D:\Software\Designing\htdocs\wp_test\wp-includes\wp-db.php on line 2056

2021-07-30T07:57:28+00:00 CRITICAL Maximum execution time of 120 seconds exceeded in D:\Software\Designing\htdocs\wp_test\wp-includes\wp-db.php on line 2056

2021-07-30T07:58:24+00:00 CRITICAL Maximum execution time of 120 seconds exceeded in D:\Software\Designing\htdocs\wp_test\wp-content\plugins\learnpress\inc\class-lp-autoloader.php on line 104

2021-07-30T07:58:24+00:00 CRITICAL Maximum execution time of 120 seconds exceeded in D:\Software\Designing\htdocs\wp_test\wp-includes\wp-db.php on line 2056

2021-07-30T07:58:26+00:00 CRITICAL Maximum execution time of 120 seconds exceeded in D:\Software\Designing\htdocs\wp_test\wp-includes\wp-db.php on line 2056

2021-07-30T07:58:26+00:00 CRITICAL Maximum execution time of 120 seconds exceeded in D:\Software\Designing\htdocs\wp_test\wp-includes\wp-db.php on line 2056

2021-07-30T07:58:26+00:00 CRITICAL Maximum execution time of 120 seconds exceeded in D:\Software\Designing\htdocs\wp_test\wp-includes\functions.php on line 1151

2021-07-30T07:58:55+00:00 CRITICAL Maximum execution time of 120 seconds exceeded in D:\Software\Designing\htdocs\wp_test\wp-includes\Requests\Transport\cURL.php on line 165

2021-07-30T07:58:55+00:00 CRITICAL Maximum execution time of 120 seconds exceeded in D:\Software\Designing\htdocs\wp_test\wp-admin\includes\image.php on line 1107

2021-07-30T07:58:55+00:00 CRITICAL Maximum execution time of 120 seconds exceeded in D:\Software\Designing\htdocs\wp_test\wp-admin\includes\class-custom-image-header.php on line 1603

2021-07-30T07:58:55+00:00 CRITICAL Maximum execution time of 120 seconds exceeded in D:\Software\Designing\htdocs\wp_test\wp-admin\includes\misc.php on line 1503

2021-07-30T07:58:55+00:00 CRITICAL Maximum execution time of 120 seconds exceeded in D:\Software\Designing\htdocs\wp_test\wp-admin\includes\class-custom-image-header.php on line 1603

2021-07-30T07:58:56+00:00 CRITICAL Maximum execution time of 120 seconds exceeded in D:\Software\Designing\htdocs\wp_test\wp-admin\includes\class-custom-image-header.php on line 1603

2021-07-30T07:58:55+00:00 CRITICAL Maximum execution time of 120 seconds exceeded in D:\Software\Designing\htdocs\wp_test\wp-admin\includes\class-custom-image-header.php on line 1603

2021-07-30T07:58:57+00:00 CRITICAL Maximum execution time of 120 seconds exceeded in D:\Software\Designing\htdocs\wp_test\wp-admin\includes\class-custom-image-header.php on line 1603

2021-07-30T07:58:57+00:00 CRITICAL Maximum execution time of 120 seconds exceeded in D:\Software\Designing\htdocs\wp_test\wp-admin\includes\class-custom-image-header.php on line 1603

2021-07-30T07:58:58+00:00 CRITICAL Maximum execution time of 120 seconds exceeded in D:\Software\Designing\htdocs\wp_test\wp-admin\includes\class-custom-image-header.php on line 1603

2021-07-30T07:59:06+00:00 CRITICAL Maximum execution time of 120 seconds exceeded in D:\Software\Designing\htdocs\wp_test\wp-admin\includes\class-custom-image-header.php on line 1603

2021-07-30T07:59:12+00:00 CRITICAL Maximum execution time of 120 seconds exceeded in D:\Software\Designing\htdocs\wp_test\wp-admin\includes\upgrade.php on line 12

2021-07-30T07:59:12+00:00 CRITICAL Maximum execution time of 120 seconds exceeded in D:\Software\Designing\htdocs\wp_test\wp-admin\includes\upgrade.php on line 12

2021-07-30T07:59:39+00:00 CRITICAL Maximum execution time of 120 seconds exceeded in D:\Software\Designing\htdocs\wp_test\wp-includes\wp-db.php on line 2056

2021-07-30T07:59:44+00:00 CRITICAL Maximum execution time of 120 seconds exceeded in D:\Software\Designing\htdocs\wp_test\wp-includes\wp-db.php on line 2056

2021-07-30T07:59:45+00:00 CRITICAL Maximum execution time of 120 seconds exceeded in D:\Software\Designing\htdocs\wp_test\wp-includes\wp-db.php on line 2056

2021-07-30T08:03:13+00:00 CRITICAL Uncaught TypeError: method_exists(): Argument #1 ($object_or_class) must be of type object|string, bool given in D:\Software\Designing\htdocs\wp_test\wp-content\plugins\woocommerce\packages\woocommerce-admin\src\PageController.php:359
Stack trace:
#0 D:\Software\Designing\htdocs\wp_test\wp-content\plugins\woocommerce\packages\woocommerce-admin\src\PageController.php(359): method_exists(false, 'is_block_editor')
#1 D:\Software\Designing\htdocs\wp_test\wp-content\plugins\woocommerce\packages\woocommerce-admin\includes\page-controller-functions.php(40): Automattic\WooCommerce\Admin\PageController->is_connected_page()
#2 D:\Software\Designing\htdocs\wp_test\wp-content\plugins\woocommerce\packages\woocommerce-admin\src\Loader.php(825): wc_admin_is_connected_page()
#3 D:\Software\Designing\htdocs\wp_test\wp-content\plugins\woocommerce\packages\woocommerce-admin\src\Loader.php(808): Automattic\WooCommerce\Admin\Loader::is_embed_page()
#4 D:\Software\Designing\htdocs\wp_test\wp-content\plugins\woocommerce\packages\woocommerce-admin\src\Loader.php(684): Automattic\WooCommerce\Admin\Loader::is_admin_or_embed_page()
#5 D:\Software\Designing\htdocs\wp_test\wp-includes\class-wp-hook.php(303): Automattic\WooCommerce\Admin\Loader->load_scripts('')
#6 D:\Software\Designing\htdocs\wp_test\wp-includes\class-wp-hook.php(327): WP_Hook->apply_filters(NULL, Array)
#7 D:\Software\Designing\htdocs\wp_test\wp-includes\plugin.php(470): WP_Hook->do_action(Array)
#8 D:\Software\Designing\htdocs\wp_test\wp-content\plugins\learnpress\inc\admin\class-lp-setup-wizard.php(134): do_action('admin_enqueue_s...')
#9 D:\Software\Designing\htdocs\wp_test\wp-includes\class-wp-hook.php(303): LP_Setup_Wizard->setup_wizard('')
#10 D:\Software\Designing\htdocs\wp_test\wp-includes\class-wp-hook.php(327): WP_Hook->apply_filters(NULL, Array)
#11 D:\Software\Designing\htdocs\wp_test\wp-includes\plugin.php(470): WP_Hook->do_action(Array)
#12 D:\Software\Designing\htdocs\wp_test\wp-admin\admin.php(175): do_action('admin_init')
#13 D:\Software\Designing\htdocs\wp_test\wp-admin\index.php(10): require_once('D:\\Software\\Des...')
#14 {main}
  thrown in D:\Software\Designing\htdocs\wp_test\wp-content\plugins\woocommerce\packages\woocommerce-admin\src\PageController.php on line 359

